<?xml version="1.0" encoding="UTF-8"?>
<coverage generated="1666335495">
  <project timestamp="1666335495">
    <file name="/Users/harinarayanant/Sites/codecov/src/Calculator.php">
      <class name="App\Calculator" namespace="global">
        <metrics complexity="5" methods="5" coveredmethods="0" conditionals="0" coveredconditionals="0" statements="6" coveredstatements="0" elements="11" coveredelements="0"/>
      </class>
      <line num="7" type="method" name="__construct" visibility="public" complexity="1" crap="2" count="0"/>
      <line num="8" type="stmt" count="0"/>
      <line num="11" type="method" name="evaluate" visibility="public" complexity="1" crap="2" count="0"/>
      <line num="12" type="stmt" count="0"/>
      <line num="13" type="stmt" count="0"/>
      <line num="16" type="method" name="add" visibility="public" complexity="1" crap="2" count="0"/>
      <line num="17" type="stmt" count="0"/>
      <line num="20" type="method" name="subtract" visibility="public" complexity="1" crap="2" count="0"/>
      <line num="21" type="stmt" count="0"/>
      <line num="25" type="method" name="multiply" visibility="public" complexity="1" crap="2" count="0"/>
      <line num="26" type="stmt" count="0"/>
      <metrics loc="28" ncloc="28" classes="1" methods="5" coveredmethods="0" conditionals="0" coveredconditionals="0" statements="6" coveredstatements="0" elements="11" coveredelements="0"/>
    </file>
    <metrics files="1" loc="28" ncloc="28" classes="1" methods="5" coveredmethods="0" conditionals="0" coveredconditionals="0" statements="6" coveredstatements="0" elements="11" coveredelements="0"/>
  </project>
</coverage>
